<?xml version="1.0" encoding="UTF-8"?>
<testng-results skipped="0" failed="0" total="0" passed="0">
  <reporter-output>
  </reporter-output>
  <suite name="giovanna_urrego.training.globant.com.AppTest" duration-ms="5" started-at="2016-03-15T19:41:51Z" finished-at="2016-03-15T19:41:51Z">
    <groups>
    </groups>
    <test name="Command line test" duration-ms="5" started-at="2016-03-15T19:41:51Z" finished-at="2016-03-15T19:41:51Z">
    </test> <!-- Command line test -->
  </suite> <!-- giovanna_urrego.training.globant.com.AppTest -->
</testng-results>
